<?xml version="1.0" encoding="UTF-8"?>
<testng-results skipped="0" failed="0" ignored="0" total="1" passed="1">
  <reporter-output>
  </reporter-output>
  <suite name="Default suite" duration-ms="16828" started-at="2020-09-12T23:52:31 EET" finished-at="2020-09-12T23:52:48 EET">
    <groups>
    </groups>
    <test name="Default test" duration-ms="16828" started-at="2020-09-12T23:52:31 EET" finished-at="2020-09-12T23:52:48 EET">
      <class name="signup.FirstTestWithTestNGFrameWork">
        <test-method status="PASS" signature="beforeClass()[pri:0, instance:signup.FirstTestWithTestNGFrameWork@7fac631b]" name="beforeClass" is-config="true" duration-ms="7188" started-at="2020-09-12T23:52:31 EET" finished-at="2020-09-12T23:52:38 EET">
          <reporter-output>
          </reporter-output>
        </test-method> <!-- beforeClass -->
        <test-method status="PASS" signature="beforeMethod()[pri:0, instance:signup.FirstTestWithTestNGFrameWork@7fac631b]" name="beforeMethod" is-config="true" duration-ms="7186" started-at="2020-09-12T23:52:38 EET" finished-at="2020-09-12T23:52:45 EET">
          <reporter-output>
          </reporter-output>
        </test-method> <!-- beforeMethod -->
        <test-method status="PASS" signature="signUp()[pri:0, instance:signup.FirstTestWithTestNGFrameWork@7fac631b]" name="signUp" duration-ms="1140" started-at="2020-09-12T23:52:45 EET" finished-at="2020-09-12T23:52:46 EET">
          <reporter-output>
          </reporter-output>
        </test-method> <!-- signUp -->
        <test-method status="PASS" signature="afterMethod()[pri:0, instance:signup.FirstTestWithTestNGFrameWork@7fac631b]" name="afterMethod" is-config="true" duration-ms="16" started-at="2020-09-12T23:52:46 EET" finished-at="2020-09-12T23:52:46 EET">
          <reporter-output>
          </reporter-output>
        </test-method> <!-- afterMethod -->
        <test-method status="PASS" signature="afterClass()[pri:0, instance:signup.FirstTestWithTestNGFrameWork@7fac631b]" name="afterClass" is-config="true" duration-ms="1234" started-at="2020-09-12T23:52:46 EET" finished-at="2020-09-12T23:52:48 EET">
          <reporter-output>
          </reporter-output>
        </test-method> <!-- afterClass -->
      </class> <!-- signup.FirstTestWithTestNGFrameWork -->
    </test> <!-- Default test -->
  </suite> <!-- Default suite -->
</testng-results>
